Makefile.rule	22	# CC = gcc
Makefile.rule	30	# CC = x86_64-w64-mingw32-gcc
Makefile.rule	34	# CC = arm-linux-gnueabihf-gcc
Makefile.rule	38	# CC = aarch64-linux-gnu-gcc
Makefile.system	20	CC = gcc
Makefile.system	25	     CC = clang
lapack-netlib/INSTALL/make.inc.ALPHA	45	CC = cc
lapack-netlib/INSTALL/make.inc.HPPA	45	CC = cc
lapack-netlib/INSTALL/make.inc.IRIX64	48	CC = cc
lapack-netlib/INSTALL/make.inc.O2K	48	CC = cc
lapack-netlib/INSTALL/make.inc.SGI5	45	CC = cc
lapack-netlib/INSTALL/make.inc.SUN4	45	CC = cc
lapack-netlib/INSTALL/make.inc.SUN4SOL2	49	CC = cc
lapack-netlib/INSTALL/make.inc.XLF	46	CC = xlc
lapack-netlib/INSTALL/make.inc.gfortran	49	CC = mpicc
lapack-netlib/INSTALL/make.inc.gfortran_debug	49	CC = gcc
lapack-netlib/INSTALL/make.inc.ifort	45	CC = icc
lapack-netlib/INSTALL/make.inc.pgf95	45	CC = pgcc
lapack-netlib/INSTALL/make.inc.pghpf	45	CC = pghpc
lapack-netlib/SRC/claqr0.f	594	                        CC = H( KBOT, KBOT-1 ) / S
lapack-netlib/SRC/claqr4.f	599	                        CC = H( KBOT, KBOT-1 ) / S
lapack-netlib/SRC/dladiv.f	130	      CC = C
lapack-netlib/SRC/dladiv.f	147	         CC = HALF * CC
lapack-netlib/SRC/dladiv.f	157	         CC = CC * BE
lapack-netlib/SRC/dlanv2.f	40	*> 1) CC = 0 so that AA and DD are real eigenvalues of the matrix, or
lapack-netlib/SRC/dlanv2.f	225	            CC = C*CS + D*SN
lapack-netlib/SRC/dlaqr0.f	564	                     CC = WILK2*SS
lapack-netlib/SRC/dlaqr0.f	606	                        CC = H( KBOT, KBOT-1 )
lapack-netlib/SRC/dlaqr2.f	578	            CC = T( I, I-1 )
lapack-netlib/SRC/dlaqr3.f	589	            CC = T( I, I-1 )
lapack-netlib/SRC/dlaqr4.f	570	                     CC = WILK2*SS
lapack-netlib/SRC/dlaqr4.f	605	                        CC = H( KBOT, KBOT-1 )
lapack-netlib/SRC/sladiv.f	130	      CC = C
lapack-netlib/SRC/sladiv.f	147	         CC = HALF * CC
lapack-netlib/SRC/sladiv.f	157	         CC = CC * BE
lapack-netlib/SRC/slanv2.f	40	*> 1) CC = 0 so that AA and DD are real eigenvalues of the matrix, or
lapack-netlib/SRC/slanv2.f	225	            CC = C*CS + D*SN
lapack-netlib/SRC/slaqr0.f	563	                     CC = WILK2*SS
lapack-netlib/SRC/slaqr0.f	605	                        CC = H( KBOT, KBOT-1 )
lapack-netlib/SRC/slaqr2.f	578	            CC = T( I, I-1 )
lapack-netlib/SRC/slaqr3.f	589	            CC = T( I, I-1 )
lapack-netlib/SRC/slaqr4.f	573	                     CC = WILK2*SS
lapack-netlib/SRC/slaqr4.f	608	                        CC = H( KBOT, KBOT-1 )
lapack-netlib/SRC/zlaqr0.f	596	                        CC = H( KBOT, KBOT-1 ) / S
lapack-netlib/SRC/zlaqr4.f	596	                        CC = H( KBOT, KBOT-1 ) / S
lapack-netlib/make.inc.example	54	CC = mpicc
